<?xml version="1.0" encoding="UTF-8"?>
<!-- Generated by org.testng.reporters.JUnitXMLReporter -->
<testsuite ignored="0" hostname="Desire" failures="0" tests="6" name="Default test" time="12.441" errors="0" timestamp="2024-03-06T18:06:39 IST">
  <testcase classname="api.test.DDTests" name="testPostuser" time="2.924"/>
  <testcase classname="api.test.DDTests" name="testPostuser" time="1.502"/>
  <testcase classname="api.test.DDTests" name="testPostuser" time="1.531"/>
  <testcase classname="api.test.DDTests" name="testDeleteUserByName" time="1.908"/>
  <testcase classname="api.test.DDTests" name="testDeleteUserByName" time="1.53"/>
  <testcase classname="api.test.DDTests" name="testDeleteUserByName" time="1.429"/>
</testsuite> <!-- Default test -->
