<?xml version="1.0" encoding="UTF-8"?>
<!-- Generated by org.testng.reporters.JUnitXMLReporter -->
<testsuite ignored="0" hostname="Desire" failures="0" tests="10" name="PetTests" time="20.081" errors="0" timestamp="2024-03-11T23:17:49 IST">
  <testcase classname="api.test.UserTests" name="testPostUser" time="3.129"/>
  <testcase classname="api.test.UserTests" name="testGetUserByName" time="1.238"/>
  <testcase classname="api.test.UserTests" name="testUpdateUserByName" time="2.548"/>
  <testcase classname="api.test.UserTests" name="testDeleteUserByName" time="1.331"/>
  <testcase classname="api.test.DDTests" name="testPostuser" time="1.559"/>
  <testcase classname="api.test.DDTests" name="testPostuser" time="1.328"/>
  <testcase classname="api.test.DDTests" name="testPostuser" time="1.431"/>
  <testcase classname="api.test.DDTests" name="testDeleteUserByName" time="1.427"/>
  <testcase classname="api.test.DDTests" name="testDeleteUserByName" time="1.649"/>
  <testcase classname="api.test.DDTests" name="testDeleteUserByName" time="1.832"/>
</testsuite> <!-- PetTests -->
